<?xml version="1.0" encoding="UTF-8"?>
<testng-results skipped="0" failed="0" ignored="0" total="1" passed="1">
  <reporter-output>
  </reporter-output>
  <suite name="Default suite" duration-ms="773" started-at="2019-08-08T05:54:52Z" finished-at="2019-08-08T05:54:53Z">
    <groups>
    </groups>
    <test name="Default test" duration-ms="773" started-at="2019-08-08T05:54:52Z" finished-at="2019-08-08T05:54:53Z">
      <class name="com.magnitude.scripts.Login">
        <test-method status="PASS" signature="Setup()[pri:0, instance:com.magnitude.scripts.Login@4667ae56]" name="Setup" is-config="true" duration-ms="54121" started-at="2019-08-08T05:53:58Z" finished-at="2019-08-08T05:54:52Z">
          <reporter-output>
          </reporter-output>
        </test-method> <!-- Setup -->
        <test-method status="PASS" signature="LoginApplication()[pri:0, instance:com.magnitude.scripts.Login@4667ae56]" name="LoginApplication" duration-ms="698" started-at="2019-08-08T05:54:52Z" finished-at="2019-08-08T05:54:53Z">
          <reporter-output>
          </reporter-output>
        </test-method> <!-- LoginApplication -->
        <test-method status="PASS" signature="quit()[pri:0, instance:com.magnitude.scripts.Login@4667ae56]" name="quit" is-config="true" duration-ms="1003" started-at="2019-08-08T05:54:53Z" finished-at="2019-08-08T05:54:54Z">
          <reporter-output>
          </reporter-output>
        </test-method> <!-- quit -->
      </class> <!-- com.magnitude.scripts.Login -->
    </test> <!-- Default test -->
  </suite> <!-- Default suite -->
</testng-results>
