<?xml version="1.0" encoding="UTF-8"?>
<!-- Generated by org.testng.reporters.JUnitXMLReporter -->
<testsuite hostname="FUBEUSBNU2" ignored="2" name="Magnitude Test" tests="1" failures="0" timestamp="06 Aug 2019 10:29:47 GMT" time="19.88" errors="0">
  <testcase name="LoginApplication" time="19.797" classname="com.magnitude.scripts.Login"/>
  <testcase name="@AfterSuite quit" time="0.0" classname="com.magnitude.scripts.BaseClass">
    <ignored/>
  </testcase> <!-- @AfterSuite quit -->
  <testcase name="@BeforeSuite Setup" time="0.0" classname="com.magnitude.scripts.BaseClass">
    <ignored/>
  </testcase> <!-- @BeforeSuite Setup -->
</testsuite> <!-- Magnitude Test -->
